2025-11-29 07:26:20 - === INICIO DE SCRIPT ===
2025-11-29 07:26:20 - Buffers limpiados
2025-11-29 07:26:20 - Header establecido
2025-11-29 07:26:20 - Método POST correcto
2025-11-29 07:26:20 - Cookie ID: 69abae866dc44cd593153f9498be170e
2025-11-29 07:26:20 - Datos recibidos - Nombre: Edisson, Cancion: OSito dromilon, Artista: Binomio de Oro, Genero: Vallenato
2025-11-29 07:26:20 - Cargando config...
2025-11-29 02:26:20 - Config cargado exitosamente
2025-11-29 02:26:20 - Conexión PDO verificada
2025-11-29 02:26:20 - Límite de solicitudes: 3
2025-11-29 02:26:20 - Iniciando transacción...
2025-11-29 02:26:20 - Consultando solicitudes bloqueadas...
2025-11-29 02:26:20 - Solicitudes bloqueadas encontradas: 0
2025-11-29 02:26:20 - Verificando duplicados...
2025-11-29 02:26:20 - Insertando sugerencia artista...
2025-11-29 02:26:20 - Insertando sugerencia canción...
2025-11-29 02:26:20 - Insertando solicitud...
2025-11-29 02:26:20 - Transacción completada exitosamente
2025-11-29 02:26:20 - Respuesta JSON enviada
2025-11-29 02:26:20 - === FIN DE SCRIPT ===
